09:45:05:254    24408   gTimer ERROR! Has object on start 55874485:System.Object.

09:45:17:521     9000   PBXSS reloaded

09:45:40:087    21344   gTimer ERROR! Has object on start 55874485:System.Object.

09:45:40:618    12692   gTimer ERROR! Has object on start 55874485:System.Object.

09:45:41:102    17396   gTimer ERROR! Has object on start 55874485:System.Object.

09:45:41:884    12692   gTimer ERROR! Has object on start 55874485:System.Object.

09:45:42:634     9988   gTimer ERROR! Has object on start 55874485:System.Object.

09:45:42:743    11660   Registration:  User login (Иванов Иван Анатольевна)

09:45:43:525     2992   gTimer ERROR! Has object on start 55874485:System.Object.

09:45:44:181    13456   gTimer ERROR! Has object on start 55874485:System.Object.

09:45:45:384     8756   gTimer ERROR! Has object on start 55874485:System.Object.

09:45:46:009    12336   gTimer ERROR! Has object on start 55874485:System.Object.

09:45:46:572    13256   gTimer ERROR! Has object on start 55874485:System.Object.

09:45:47:322     4300   gTimer ERROR! Has object on start 55874485:System.Object.

09:45:47:931    22080   gTimer ERROR! Has object on start 55874485:System.Object.

09:45:48:510    23680   gTimer ERROR! Has object on start 55874485:System.Object.

09:45:49:291     8756   gTimer ERROR! Has object on start 55874485:System.Object.

09:45:50:135     9000   gTimer ERROR! Has object on start 55874485:System.Object.

09:45:50:713    11092   gTimer ERROR! Has object on start 55874485:System.Object.

09:45:51:307     5708   gTimer ERROR! Has object on start 55874485:System.Object.

09:45:51:776     5976   gTimer ERROR! Has object on start 55874485:System.Object.

09:45:52:229    17396   gTimer ERROR! Has object on start 55874485:System.Object.

09:45:52:682    23680   gTimer ERROR! Has object on start 55874485:System.Object.

09:45:53:245     5976   gTimer ERROR! Has object on start 55874485:System.Object.

09:45:53:713    22240   gTimer ERROR! Has object on start 55874485:System.Object.

09:48:22:076    25580   Registration:  User login (Иванов Иван Наильевна)

09:48:41:204    22240   gTimer ERROR! Has object on start 55874485:System.Object.

09:48:42:282    13456   gTimer ERROR! Has object on start 55874485:System.Object.

09:48:42:985    22080   gTimer ERROR! Has object on start 55874485:System.Object.

09:48:43:485    12692   gTimer ERROR! Has object on start 55874485:System.Object.

09:48:43:939     7744   gTimer ERROR! Has object on start 55874485:System.Object.

09:48:44:704     5976   gTimer ERROR! Has object on start 55874485:System.Object.

09:48:45:283    22080   gTimer ERROR! Has object on start 55874485:System.Object.

09:48:45:923    24060   gTimer ERROR! Has object on start 55874485:System.Object.

09:48:46:736    12336   gTimer ERROR! Has object on start 55874485:System.Object.

09:48:47:517    12148   gTimer ERROR! Has object on start 55874485:System.Object.

09:48:48:095     6772   gTimer ERROR! Has object on start 55874485:System.Object.

09:48:48:564    17880   gTimer ERROR! Has object on start 55874485:System.Object.

09:48:49:064    17880   gTimer ERROR! Has object on start 55874485:System.Object.

09:48:49:783    24120   gTimer ERROR! Has object on start 55874485:System.Object.

09:48:50:377    11660   gTimer ERROR! Has object on start 55874485:System.Object.

09:48:50:861    12748   gTimer ERROR! Has object on start 55874485:System.Object.

09:48:51:424    11632   gTimer ERROR! Has object on start 55874485:System.Object.

09:48:51:893    24244   gTimer ERROR! Has object on start 55874485:System.Object.

09:48:52:127    11488   DBProvider:  System.Data.SqlClient.SqlException (0x80131904): Subquery returned more than 1 value. This is not permitted when the subquery follows =, !=, <, <= , >, >= or when the subquery is used as an expression.
   в System.Data.SqlClient.SqlConnection.OnError(SqlException exception, Boolean breakConnection, Action`1 wrapCloseInAction)
   в System.Data.SqlClient.SqlInternalConnection.OnError(SqlException exception, Boolean breakConnection, Action`1 wrapCloseInAction)
   в System.Data.SqlClient.TdsParser.ThrowExceptionAndWarning(TdsParserStateObject stateObj, Boolean callerHasConnectionLock, Boolean asyncClose)
   в System.Data.SqlClient.TdsParser.TryRun(RunBehavior runBehavior, SqlCommand cmdHandler, SqlDataReader dataStream, BulkCopySimpleResultSet bulkCopyHandler, TdsParserStateObject stateObj, Boolean& dataReady)
   в System.Data.SqlClient.SqlDataReader.TryHasMoreRows(Boolean& moreRows)
   в System.Data.SqlClient.SqlDataReader.TryReadInternal(Boolean setTimeout, Boolean& more)
   в System.Data.SqlClient.SqlDataReader.Read()
   в System.Data.Common.DataAdapter.FillLoadDataRow(SchemaMapping mapping)
   в System.Data.Common.DataAdapter.FillFromReader(DataSet dataset, DataTable datatable, String srcTable, DataReaderContainer dataReader, Int32 startRecord, Int32 maxRecords, DataColumn parentChapterColumn, Object parentChapterValue)
   в System.Data.Common.DataAdapter.Fill(DataTable[] dataTables, IDataReader dataReader, Int32 startRecord, Int32 maxRecords)
   в System.Data.Common.DbDataAdapter.FillInternal(DataSet dataset, DataTable[] datatables, Int32 startRecord, Int32 maxRecords, String srcTable, IDbCommand command, CommandBehavior behavior)
   в System.Data.Common.DbDataAdapter.Fill(DataTable[] dataTables, Int32 startRecord, Int32 maxRecords, IDbCommand command, CommandBehavior behavior)
   в System.Data.Common.DbDataAdapter.Fill(DataTable dataTable)
   в oktell.Service.DB.DBCommon.IVRExecSQL(String query, ArrayList parameters, String field, String& exc)
ClientConnectionId:9a3aa2c4-231e-4759-b4b6-e4d788b4fad2
Error Number: 512, State: 1, Class: 16

09:48:52:455     3892   gTimer ERROR! Has object on start 55874485:System.Object.

09:48:53:002     3892   gTimer ERROR! Has object on start 55874485:System.Object.

09:48:53:565     9988   gTimer ERROR! Has object on start 55874485:System.Object.

09:48:54:018    13256   gTimer ERROR! Has object on start 55874485:System.Object.

09:49:26:042     7744   Registration:  User login (Иванов Иван Владимировна)

09:50:05:559    12308   gTimer ERROR! Has object on start 55874485:System.Object.

09:50:44:252     9000   Registration:  User logoff (Пяткин Илья)

09:50:51:597    13456   Registration:  User login (Иванов Иван Владимировна)

09:50:59:051    24408   Registration:  User login (Пяткин Илья)

09:51:21:851    10424   Registration:  User logoff (Семенов Иван Александрович)

09:51:35:259     6772   DBProvider:  IVRExecSQL_sql. Transaction (Process ID 74) was deadlocked on lock resources with another process and has been chosen as the deadlock victim. Rerun the transaction.

09:51:41:447     5928   gTimer ERROR! Has object on start 55874485:System.Object.

09:51:41:994    11092   gTimer ERROR! Has object on start 55874485:System.Object.

09:51:42:509    24244   gTimer ERROR! Has object on start 55874485:System.Object.

09:51:42:978     6772   gTimer ERROR! Has object on start 55874485:System.Object.

09:51:43:447    12336   gTimer ERROR! Has object on start 55874485:System.Object.

09:51:43:963    12148   gTimer ERROR! Has object on start 55874485:System.Object.

09:51:44:463    22240   gTimer ERROR! Has object on start 55874485:System.Object.

09:51:45:057    24244   gTimer ERROR! Has object on start 55874485:System.Object.

09:51:45:588    24120   gTimer ERROR! Has object on start 55874485:System.Object.

09:51:46:088    22240   gTimer ERROR! Has object on start 55874485:System.Object.

09:51:46:948    12308   gTimer ERROR! Has object on start 55874485:System.Object.

09:51:47:526    16320   gTimer ERROR! Has object on start 55874485:System.Object.

09:51:48:245    24120   gTimer ERROR! Has object on start 55874485:System.Object.

09:51:48:963    11660   gTimer ERROR! Has object on start 55874485:System.Object.

09:51:49:573    23576   gTimer ERROR! Has object on start 55874485:System.Object.

09:51:50:042     3892   gTimer ERROR! Has object on start 55874485:System.Object.

09:51:50:807    15136   gTimer ERROR! Has object on start 55874485:System.Object.

09:51:51:386    12336   gTimer ERROR! Has object on start 55874485:System.Object.

09:51:51:823      172   gTimer ERROR! Has object on start 55874485:System.Object.

09:51:52:370     5708   gTimer ERROR! Has object on start 55874485:System.Object.

09:51:52:933     6772   gTimer ERROR! Has object on start 55874485:System.Object.

09:51:53:417    11092   gTimer ERROR! Has object on start 55874485:System.Object.

09:52:06:419    17396   Registration:  User login (Иванов Иван Ивановна)

09:52:57:504      848   Registration:  User logoff (Пяткин Илья)

09:53:00:895     9988   Registration:  User login (Иванов Иван Александровна)

09:53:09:052    23680   ERROR linestate in TML

09:53:09:083    17880   DBProvider:  IVRExecSQL_sql. Violation of UNIQUE KEY constraint 'AK_idChain_Unique_SCF'. Cannot insert duplicate key in object 'dbo.StatusCallFinish'. The duplicate key value is (dace9eec-d24c-406c-b514-7aaab8393d70).
The statement has been terminated.

09:53:09:146    10424   DBProvider:  AfterAddResult starttime error

09:53:57:355    22240   Registration:  User login (Иванов Иван Николаевна)

09:54:07:528      848   Registration:  User login (Иванов Иван Сиринович)

09:54:41:955    17396   gTimer ERROR! Has object on start 55874485:System.Object.

09:54:42:595     1340   gTimer ERROR! Has object on start 55874485:System.Object.

09:54:43:345    12692   gTimer ERROR! Has object on start 55874485:System.Object.

09:54:43:955    15136   gTimer ERROR! Has object on start 55874485:System.Object.

09:54:44:736    17880   gTimer ERROR! Has object on start 55874485:System.Object.

09:54:45:221     2992   gTimer ERROR! Has object on start 55874485:System.Object.

09:54:45:705    11092   gTimer ERROR! Has object on start 55874485:System.Object.

09:54:46:315    11660   gTimer ERROR! Has object on start 55874485:System.Object.

09:54:47:002    17396   gTimer ERROR! Has object on start 55874485:System.Object.

09:54:47:643    23576   gTimer ERROR! Has object on start 55874485:System.Object.

09:54:48:190      848   gTimer ERROR! Has object on start 55874485:System.Object.

09:54:48:752    24244   gTimer ERROR! Has object on start 55874485:System.Object.

09:54:49:721    24120   gTimer ERROR! Has object on start 55874485:System.Object.

09:54:50:143     5928   gTimer ERROR! Has object on start 55874485:System.Object.

09:54:50:753    22240   gTimer ERROR! Has object on start 55874485:System.Object.

09:54:51:425    10424   gTimer ERROR! Has object on start 55874485:System.Object.

09:54:52:378     3892   gTimer ERROR! Has object on start 55874485:System.Object.

09:54:53:050    11092   gTimer ERROR! Has object on start 55874485:System.Object.

09:54:53:675    12308   gTimer ERROR! Has object on start 55874485:System.Object.

09:54:54:316     3892   gTimer ERROR! Has object on start 55874485:System.Object.

09:54:54:894    15192   gTimer ERROR! Has object on start 55874485:System.Object.

09:54:55:394    11092   gTimer ERROR! Has object on start 55874485:System.Object.

09:55:06:020    15136   gTimer ERROR! Has object on start 55874485:System.Object.

09:56:13:029    13456   Registration:  User login (Иванов Иван Владимирович)

09:57:19:116    25580   Registration:  User login (Иванов Иван Дмитриевич)

09:57:42:087    22080   gTimer ERROR! Has object on start 55874485:System.Object.

09:57:42:791     5928   gTimer ERROR! Has object on start 55874485:System.Object.

09:57:43:244    17396   gTimer ERROR! Has object on start 55874485:System.Object.

09:57:43:791     5928   gTimer ERROR! Has object on start 55874485:System.Object.

09:57:44:228    23680   gTimer ERROR! Has object on start 55874485:System.Object.

09:57:44:728    12748   gTimer ERROR! Has object on start 55874485:System.Object.

09:57:45:213      172   gTimer ERROR! Has object on start 55874485:System.Object.

09:57:45:822     5976   gTimer ERROR! Has object on start 55874485:System.Object.

09:57:46:307    12336   gTimer ERROR! Has object on start 55874485:System.Object.

09:57:46:775    12148   gTimer ERROR! Has object on start 55874485:System.Object.

09:57:47:260    17396   gTimer ERROR! Has object on start 55874485:System.Object.

09:57:47:760    12148   gTimer ERROR! Has object on start 55874485:System.Object.

09:57:48:291     6292   gTimer ERROR! Has object on start 55874485:System.Object.

09:57:48:760     5708   gTimer ERROR! Has object on start 55874485:System.Object.

09:57:49:432    23576   gTimer ERROR! Has object on start 55874485:System.Object.

09:57:49:979     7744   gTimer ERROR! Has object on start 55874485:System.Object.

09:57:50:448    13256   gTimer ERROR! Has object on start 55874485:System.Object.

09:57:50:948    13456   gTimer ERROR! Has object on start 55874485:System.Object.

09:57:51:432    25580   gTimer ERROR! Has object on start 55874485:System.Object.

09:57:51:932     5928   gTimer ERROR! Has object on start 55874485:System.Object.

09:57:52:479     4528   gTimer ERROR! Has object on start 55874485:System.Object.

09:57:52:964     4300   gTimer ERROR! Has object on start 55874485:System.Object.

09:58:54:597    11488   DBProvider:  System.Data.SqlClient.SqlException (0x80131904): Subquery returned more than 1 value. This is not permitted when the subquery follows =, !=, <, <= , >, >= or when the subquery is used as an expression.
   в System.Data.SqlClient.SqlConnection.OnError(SqlException exception, Boolean breakConnection, Action`1 wrapCloseInAction)
   в System.Data.SqlClient.SqlInternalConnection.OnError(SqlException exception, Boolean breakConnection, Action`1 wrapCloseInAction)
   в System.Data.SqlClient.TdsParser.ThrowExceptionAndWarning(TdsParserStateObject stateObj, Boolean callerHasConnectionLock, Boolean asyncClose)
   в System.Data.SqlClient.TdsParser.TryRun(RunBehavior runBehavior, SqlCommand cmdHandler, SqlDataReader dataStream, BulkCopySimpleResultSet bulkCopyHandler, TdsParserStateObject stateObj, Boolean& dataReady)
   в System.Data.SqlClient.SqlDataReader.TryHasMoreRows(Boolean& moreRows)
   в System.Data.SqlClient.SqlDataReader.TryReadInternal(Boolean setTimeout, Boolean& more)
   в System.Data.SqlClient.SqlDataReader.Read()
   в System.Data.Common.DataAdapter.FillLoadDataRow(SchemaMapping mapping)
   в System.Data.Common.DataAdapter.FillFromReader(DataSet dataset, DataTable datatable, String srcTable, DataReaderContainer dataReader, Int32 startRecord, Int32 maxRecords, DataColumn parentChapterColumn, Object parentChapterValue)
   в System.Data.Common.DataAdapter.Fill(DataTable[] dataTables, IDataReader dataReader, Int32 startRecord, Int32 maxRecords)
   в System.Data.Common.DbDataAdapter.FillInternal(DataSet dataset, DataTable[] datatables, Int32 startRecord, Int32 maxRecords, String srcTable, IDbCommand command, CommandBehavior behavior)
   в System.Data.Common.DbDataAdapter.Fill(DataTable[] dataTables, Int32 startRecord, Int32 maxRecords, IDbCommand command, CommandBehavior behavior)
   в System.Data.Common.DbDataAdapter.Fill(DataTable dataTable)
   в oktell.Service.DB.DBCommon.IVRExecSQL(String query, ArrayList parameters, String field, String& exc)
ClientConnectionId:22527cc4-948e-4f1d-87d1-43ce7eade17d
Error Number: 512, State: 1, Class: 16

09:59:33:039    12336   DBProvider:  IVRExecSQL_sql. Transaction (Process ID 59) was deadlocked on lock resources with another process and has been chosen as the deadlock victim. Rerun the transaction.

